<?xml version="1.0" encoding="UTF-8"?>
<testsuite xmlns:xsi="http://www.w3.org/2001/XMLSchema-instance" xsi:noNamespaceSchemaLocation="https://maven.apache.org/surefire/maven-surefire-plugin/xsd/surefire-test-report.xsd" name="com.freqword.FreqWord.FrequentWordInUrlTest" time="23.851" tests="10" errors="0" skipped="0" failures="0">
  <properties>
[...]
</properties>
  <testcase name="testWordCountIsNotZeroWithValidUrl" classname="com.freqword.FreqWord.FrequentWordInUrlTest" time="0.648"/>
  <testcase name="testInvalidnputUrl" classname="com.freqword.FreqWord.FrequentWordInUrlTest" time="0.001"/>
  <testcase name="testVisitedUrlsIsNonZeroWithValidUrl" classname="com.freqword.FreqWord.FrequentWordInUrlTest" time="0.081"/>
  <testcase name="testEmptyInputUrl" classname="com.freqword.FreqWord.FrequentWordInUrlTest" time="0.001"/>
  <testcase name="testWordCountWithValidUrl" classname="com.freqword.FreqWord.FrequentWordInUrlTest" time="0.188"/>
  <testcase name="testInvalidStatusCodeFromUrl" classname="com.freqword.FreqWord.FrequentWordInUrlTest" time="0.042"/>
  <testcase name="testVisitedUrlCountIsLargerWithHigherDepth" classname="com.freqword.FreqWord.FrequentWordInUrlTest" time="12.155"/>
  <testcase name="testWordCountIsLargerWithHigherDepth" classname="com.freqword.FreqWord.FrequentWordInUrlTest" time="10.727"/>
  <testcase name="testSortMapByValueInDescOrderApi" classname="com.freqword.FreqWord.FrequentWordInUrlTest" time="0"/>
  <testcase name="testLimitMapSizeToTopKApi" classname="com.freqword.FreqWord.FrequentWordInUrlTest" time="0"/>
</testsuite>